<?xml version="1.0" encoding="UTF-8" standalone="yes"?>
<ns2:test-suite start="1484780871989" stop="1484780926572" version="1.4.23" xmlns:ns2="urn:model.allure.qatools.yandex.ru">
    <name>Default Suite : Glorium</name>
    <title>Default Suite : Glorium</title>
    <test-cases>
        <test-case start="1484780926510" stop="1484780926526" status="broken">
            <name>init</name>
            <description>@BeforeClass</description>
            <failure>
                <message>WebDriverException: Failed to connect to binary FirefoxBinary(C:\Program Files (x86)\Mozilla Firefox\firefox.exe) on port 7055; process output follows: 
ll,"contributors":["Mozilla Contributors"]},"visible":true,"active":true,"userDisabled":false,"appDisabled":false,"descriptor":"C:\\Program Files (x86)\\Mozilla Firefox\\browser\\extensions\\{972ce4c6-7e08-4474-a285-3208198ce6fd}.xpi","installDate":1481253075479,"updateDate":1481253075479,"applyBackgroundUpdates":1,"skinnable":true,"size":21152,"sourceURI":null,"releaseNotesURI":null,"softDisabled":false,"foreignInstall":false,"hasBinaryComponents":false,"strictCompatibility":true,"locales":[],"targetApplications":[{"id":"{ec8030f7-c20a-464f-9b0e-13a3a9e97384}","minVersion":"50.1.0","maxVersion":"50.1.0"}],"targetPlatforms":[],"seen":true}
1484780880044	addons.xpi	DEBUG	getModTime: Recursive scan of {972ce4c6-7e08-4474-a285-3208198ce6fd}
1484780880046	DeferredSave.extensions.json	DEBUG	Save changes
1484780880046	addons.xpi	DEBUG	Updating database with changes to installed add-ons
1484780880046	addons.xpi-utils	DEBUG	Updating add-on states
1484780880047	addons.xpi-utils	DEBUG	Writing add-ons list
1484780880062	addons.xpi	DEBUG	Registering manifest for C:\Program Files (x86)\Mozilla Firefox\browser\features\aushelper@mozilla.org.xpi
1484780880064	addons.xpi	DEBUG	Calling bootstrap method startup on aushelper@mozilla.org version 1.0
1484780880066	addons.xpi	DEBUG	Registering manifest for C:\Program Files (x86)\Mozilla Firefox\browser\features\e10srollout@mozilla.org.xpi
1484780880067	addons.xpi	DEBUG	Calling bootstrap method startup on e10srollout@mozilla.org version 1.5
1484780880067	addons.xpi	DEBUG	Registering manifest for C:\Program Files (x86)\Mozilla Firefox\browser\features\firefox@getpocket.com.xpi
1484780880068	addons.xpi	DEBUG	Calling bootstrap method startup on firefox@getpocket.com version 1.0.5
1484780880069	addons.xpi	DEBUG	Registering manifest for C:\Program Files (x86)\Mozilla Firefox\browser\features\webcompat@mozilla.org.xpi
1484780880070	addons.xpi	DEBUG	Calling bootstrap method startup on webcompat@mozilla.org version 1.0
1484780880073	addons.manager	DEBUG	Registering shutdown blocker for XPIProvider
1484780880074	addons.manager	DEBUG	Provider finished startup: XPIProvider
1484780880075	addons.manager	DEBUG	Starting provider: LightweightThemeManager
1484780880075	addons.manager	DEBUG	Registering shutdown blocker for LightweightThemeManager
1484780880075	addons.manager	DEBUG	Provider finished startup: LightweightThemeManager
1484780880076	addons.manager	DEBUG	Starting provider: GMPProvider
1484780880091	addons.manager	DEBUG	Registering shutdown blocker for GMPProvider
1484780880091	addons.manager	DEBUG	Provider finished startup: GMPProvider
1484780880091	addons.manager	DEBUG	Starting provider: PluginProvider
1484780880092	addons.manager	DEBUG	Registering shutdown blocker for PluginProvider
1484780880093	addons.manager	DEBUG	Provider finished startup: PluginProvider
1484780880093	addons.manager	DEBUG	Completed startup sequence
1484780880661	addons.manager	DEBUG	Starting provider: &lt;unnamed-provider&gt;
1484780880661	addons.manager	DEBUG	Registering shutdown blocker for &lt;unnamed-provider&gt;
1484780880662	addons.manager	DEBUG	Provider finished startup: &lt;unnamed-provider&gt;
1484780881106	DeferredSave.extensions.json	DEBUG	Write succeeded
1484780881106	addons.xpi-utils	DEBUG	XPI Database saved, setting schema version preference to 17
1484780881106	DeferredSave.extensions.json	DEBUG	Starting timer
1484780881129	DeferredSave.extensions.json	DEBUG	Starting write
1484780881144	addons.repository	DEBUG	No addons.json found.
1484780881145	DeferredSave.addons.json	DEBUG	Save changes
1484780881148	DeferredSave.addons.json	DEBUG	Starting timer
1484780881219	addons.manager	DEBUG	Starting provider: PreviousExperimentProvider
1484780881220	addons.manager	DEBUG	Registering shutdown blocker for PreviousExperimentProvider
1484780881220	addons.manager	DEBUG	Provider finished startup: PreviousExperimentProvider
1484780881225	DeferredSave.addons.json	DEBUG	Starting write
1484780881300	DeferredSave.extensions.json	DEBUG	Write succeeded
1484780881398	DeferredSave.addons.json	DEBUG	Write succeeded

Build info: version: '2.53.1', revision: 'a36b8b1cd5757287168e54b817830adce9b0158d', time: '2016-06-30 19:26:09'
System info: host: 'DESKTOP-UENLMAK', ip: '192.168.1.105', os.name: 'Windows 10', os.arch: 'amd64', os.version: '10.0', java.version: '1.8.0_111'
Driver info: driver.version: Driver</message>
                <stack-trace>org.openqa.selenium.WebDriverException: Failed to connect to binary FirefoxBinary(C:\Program Files (x86)\Mozilla Firefox\firefox.exe) on port 7055; process output follows: 
ll,"contributors":["Mozilla Contributors"]},"visible":true,"active":true,"userDisabled":false,"appDisabled":false,"descriptor":"C:\\Program Files (x86)\\Mozilla Firefox\\browser\\extensions\\{972ce4c6-7e08-4474-a285-3208198ce6fd}.xpi","installDate":1481253075479,"updateDate":1481253075479,"applyBackgroundUpdates":1,"skinnable":true,"size":21152,"sourceURI":null,"releaseNotesURI":null,"softDisabled":false,"foreignInstall":false,"hasBinaryComponents":false,"strictCompatibility":true,"locales":[],"targetApplications":[{"id":"{ec8030f7-c20a-464f-9b0e-13a3a9e97384}","minVersion":"50.1.0","maxVersion":"50.1.0"}],"targetPlatforms":[],"seen":true}
1484780880044	addons.xpi	DEBUG	getModTime: Recursive scan of {972ce4c6-7e08-4474-a285-3208198ce6fd}
1484780880046	DeferredSave.extensions.json	DEBUG	Save changes
1484780880046	addons.xpi	DEBUG	Updating database with changes to installed add-ons
1484780880046	addons.xpi-utils	DEBUG	Updating add-on states
1484780880047	addons.xpi-utils	DEBUG	Writing add-ons list
1484780880062	addons.xpi	DEBUG	Registering manifest for C:\Program Files (x86)\Mozilla Firefox\browser\features\aushelper@mozilla.org.xpi
1484780880064	addons.xpi	DEBUG	Calling bootstrap method startup on aushelper@mozilla.org version 1.0
1484780880066	addons.xpi	DEBUG	Registering manifest for C:\Program Files (x86)\Mozilla Firefox\browser\features\e10srollout@mozilla.org.xpi
1484780880067	addons.xpi	DEBUG	Calling bootstrap method startup on e10srollout@mozilla.org version 1.5
1484780880067	addons.xpi	DEBUG	Registering manifest for C:\Program Files (x86)\Mozilla Firefox\browser\features\firefox@getpocket.com.xpi
1484780880068	addons.xpi	DEBUG	Calling bootstrap method startup on firefox@getpocket.com version 1.0.5
1484780880069	addons.xpi	DEBUG	Registering manifest for C:\Program Files (x86)\Mozilla Firefox\browser\features\webcompat@mozilla.org.xpi
1484780880070	addons.xpi	DEBUG	Calling bootstrap method startup on webcompat@mozilla.org version 1.0
1484780880073	addons.manager	DEBUG	Registering shutdown blocker for XPIProvider
1484780880074	addons.manager	DEBUG	Provider finished startup: XPIProvider
1484780880075	addons.manager	DEBUG	Starting provider: LightweightThemeManager
1484780880075	addons.manager	DEBUG	Registering shutdown blocker for LightweightThemeManager
1484780880075	addons.manager	DEBUG	Provider finished startup: LightweightThemeManager
1484780880076	addons.manager	DEBUG	Starting provider: GMPProvider
1484780880091	addons.manager	DEBUG	Registering shutdown blocker for GMPProvider
1484780880091	addons.manager	DEBUG	Provider finished startup: GMPProvider
1484780880091	addons.manager	DEBUG	Starting provider: PluginProvider
1484780880092	addons.manager	DEBUG	Registering shutdown blocker for PluginProvider
1484780880093	addons.manager	DEBUG	Provider finished startup: PluginProvider
1484780880093	addons.manager	DEBUG	Completed startup sequence
1484780880661	addons.manager	DEBUG	Starting provider: &lt;unnamed-provider&gt;
1484780880661	addons.manager	DEBUG	Registering shutdown blocker for &lt;unnamed-provider&gt;
1484780880662	addons.manager	DEBUG	Provider finished startup: &lt;unnamed-provider&gt;
1484780881106	DeferredSave.extensions.json	DEBUG	Write succeeded
1484780881106	addons.xpi-utils	DEBUG	XPI Database saved, setting schema version preference to 17
1484780881106	DeferredSave.extensions.json	DEBUG	Starting timer
1484780881129	DeferredSave.extensions.json	DEBUG	Starting write
1484780881144	addons.repository	DEBUG	No addons.json found.
1484780881145	DeferredSave.addons.json	DEBUG	Save changes
1484780881148	DeferredSave.addons.json	DEBUG	Starting timer
1484780881219	addons.manager	DEBUG	Starting provider: PreviousExperimentProvider
1484780881220	addons.manager	DEBUG	Registering shutdown blocker for PreviousExperimentProvider
1484780881220	addons.manager	DEBUG	Provider finished startup: PreviousExperimentProvider
1484780881225	DeferredSave.addons.json	DEBUG	Starting write
1484780881300	DeferredSave.extensions.json	DEBUG	Write succeeded
1484780881398	DeferredSave.addons.json	DEBUG	Write succeeded

Build info: version: '2.53.1', revision: 'a36b8b1cd5757287168e54b817830adce9b0158d', time: '2016-06-30 19:26:09'
System info: host: 'DESKTOP-UENLMAK', ip: '192.168.1.105', os.name: 'Windows 10', os.arch: 'amd64', os.version: '10.0', java.version: '1.8.0_111'
Driver info: driver.version: Driver
	at org.openqa.selenium.firefox.internal.NewProfileExtensionConnection.start(NewProfileExtensionConnection.java:125)
	at org.openqa.selenium.firefox.FirefoxDriver.startClient(FirefoxDriver.java:271)
	at org.openqa.selenium.remote.RemoteWebDriver.&lt;init&gt;(RemoteWebDriver.java:119)
	at org.openqa.selenium.firefox.FirefoxDriver.&lt;init&gt;(FirefoxDriver.java:216)
	at org.openqa.selenium.firefox.FirefoxDriver.&lt;init&gt;(FirefoxDriver.java:211)
	at org.openqa.selenium.firefox.FirefoxDriver.&lt;init&gt;(FirefoxDriver.java:207)
	at org.openqa.selenium.firefox.FirefoxDriver.&lt;init&gt;(FirefoxDriver.java:120)
	at settings.Driver.init(Driver.java:24)
	at settings.BaseTestSettings.init(BaseTestSettings.java:12)
	at sun.reflect.NativeMethodAccessorImpl.invoke0(Native Method)
	at sun.reflect.NativeMethodAccessorImpl.invoke(NativeMethodAccessorImpl.java:62)
	at sun.reflect.DelegatingMethodAccessorImpl.invoke(DelegatingMethodAccessorImpl.java:43)
	at java.lang.reflect.Method.invoke(Method.java:498)
	at org.testng.internal.MethodInvocationHelper.invokeMethod(MethodInvocationHelper.java:84)
	at org.testng.internal.Invoker.invokeConfigurationMethod(Invoker.java:564)
	at org.testng.internal.Invoker.invokeConfigurations(Invoker.java:213)
	at org.testng.internal.Invoker.invokeConfigurations(Invoker.java:138)
	at org.testng.internal.TestMethodWorker.invokeBeforeClassMethods(TestMethodWorker.java:175)
	at org.testng.internal.TestMethodWorker.run(TestMethodWorker.java:107)
	at org.testng.TestRunner.privateRun(TestRunner.java:767)
	at org.testng.TestRunner.run(TestRunner.java:617)
	at org.testng.SuiteRunner.runTest(SuiteRunner.java:348)
	at org.testng.SuiteRunner.runSequentially(SuiteRunner.java:343)
	at org.testng.SuiteRunner.privateRun(SuiteRunner.java:305)
	at org.testng.SuiteRunner.run(SuiteRunner.java:254)
	at org.testng.SuiteRunnerWorker.runSuite(SuiteRunnerWorker.java:52)
	at org.testng.SuiteRunnerWorker.run(SuiteRunnerWorker.java:86)
	at org.testng.TestNG.runSuitesSequentially(TestNG.java:1224)
	at org.testng.TestNG.runSuitesLocally(TestNG.java:1149)
	at org.testng.TestNG.run(TestNG.java:1057)
	at org.testng.IDEARemoteTestNG.run(IDEARemoteTestNG.java:72)
	at org.testng.RemoteTestNGStarter.main(RemoteTestNGStarter.java:127)
	at sun.reflect.NativeMethodAccessorImpl.invoke0(Native Method)
	at sun.reflect.NativeMethodAccessorImpl.invoke(NativeMethodAccessorImpl.java:62)
	at sun.reflect.DelegatingMethodAccessorImpl.invoke(DelegatingMethodAccessorImpl.java:43)
	at java.lang.reflect.Method.invoke(Method.java:498)
	at com.intellij.rt.execution.application.AppMain.main(AppMain.java:147)
Caused by: org.openqa.selenium.firefox.NotConnectedException: Unable to connect to host 127.0.0.1 on port 7055 after 45000 ms. Firefox console output:
ll,"contributors":["Mozilla Contributors"]},"visible":true,"active":true,"userDisabled":false,"appDisabled":false,"descriptor":"C:\\Program Files (x86)\\Mozilla Firefox\\browser\\extensions\\{972ce4c6-7e08-4474-a285-3208198ce6fd}.xpi","installDate":1481253075479,"updateDate":1481253075479,"applyBackgroundUpdates":1,"skinnable":true,"size":21152,"sourceURI":null,"releaseNotesURI":null,"softDisabled":false,"foreignInstall":false,"hasBinaryComponents":false,"strictCompatibility":true,"locales":[],"targetApplications":[{"id":"{ec8030f7-c20a-464f-9b0e-13a3a9e97384}","minVersion":"50.1.0","maxVersion":"50.1.0"}],"targetPlatforms":[],"seen":true}
1484780880044	addons.xpi	DEBUG	getModTime: Recursive scan of {972ce4c6-7e08-4474-a285-3208198ce6fd}
1484780880046	DeferredSave.extensions.json	DEBUG	Save changes
1484780880046	addons.xpi	DEBUG	Updating database with changes to installed add-ons
1484780880046	addons.xpi-utils	DEBUG	Updating add-on states
1484780880047	addons.xpi-utils	DEBUG	Writing add-ons list
1484780880062	addons.xpi	DEBUG	Registering manifest for C:\Program Files (x86)\Mozilla Firefox\browser\features\aushelper@mozilla.org.xpi
1484780880064	addons.xpi	DEBUG	Calling bootstrap method startup on aushelper@mozilla.org version 1.0
1484780880066	addons.xpi	DEBUG	Registering manifest for C:\Program Files (x86)\Mozilla Firefox\browser\features\e10srollout@mozilla.org.xpi
1484780880067	addons.xpi	DEBUG	Calling bootstrap method startup on e10srollout@mozilla.org version 1.5
1484780880067	addons.xpi	DEBUG	Registering manifest for C:\Program Files (x86)\Mozilla Firefox\browser\features\firefox@getpocket.com.xpi
1484780880068	addons.xpi	DEBUG	Calling bootstrap method startup on firefox@getpocket.com version 1.0.5
1484780880069	addons.xpi	DEBUG	Registering manifest for C:\Program Files (x86)\Mozilla Firefox\browser\features\webcompat@mozilla.org.xpi
1484780880070	addons.xpi	DEBUG	Calling bootstrap method startup on webcompat@mozilla.org version 1.0
1484780880073	addons.manager	DEBUG	Registering shutdown blocker for XPIProvider
1484780880074	addons.manager	DEBUG	Provider finished startup: XPIProvider
1484780880075	addons.manager	DEBUG	Starting provider: LightweightThemeManager
1484780880075	addons.manager	DEBUG	Registering shutdown blocker for LightweightThemeManager
1484780880075	addons.manager	DEBUG	Provider finished startup: LightweightThemeManager
1484780880076	addons.manager	DEBUG	Starting provider: GMPProvider
1484780880091	addons.manager	DEBUG	Registering shutdown blocker for GMPProvider
1484780880091	addons.manager	DEBUG	Provider finished startup: GMPProvider
1484780880091	addons.manager	DEBUG	Starting provider: PluginProvider
1484780880092	addons.manager	DEBUG	Registering shutdown blocker for PluginProvider
1484780880093	addons.manager	DEBUG	Provider finished startup: PluginProvider
1484780880093	addons.manager	DEBUG	Completed startup sequence
1484780880661	addons.manager	DEBUG	Starting provider: &lt;unnamed-provider&gt;
1484780880661	addons.manager	DEBUG	Registering shutdown blocker for &lt;unnamed-provider&gt;
1484780880662	addons.manager	DEBUG	Provider finished startup: &lt;unnamed-provider&gt;
1484780881106	DeferredSave.extensions.json	DEBUG	Write succeeded
1484780881106	addons.xpi-utils	DEBUG	XPI Database saved, setting schema version preference to 17
1484780881106	DeferredSave.extensions.json	DEBUG	Starting timer
1484780881129	DeferredSave.extensions.json	DEBUG	Starting write
1484780881144	addons.repository	DEBUG	No addons.json found.
1484780881145	DeferredSave.addons.json	DEBUG	Save changes
1484780881148	DeferredSave.addons.json	DEBUG	Starting timer
1484780881219	addons.manager	DEBUG	Starting provider: PreviousExperimentProvider
1484780881220	addons.manager	DEBUG	Registering shutdown blocker for PreviousExperimentProvider
1484780881220	addons.manager	DEBUG	Provider finished startup: PreviousExperimentProvider
1484780881225	DeferredSave.addons.json	DEBUG	Starting write
1484780881300	DeferredSave.extensions.json	DEBUG	Write succeeded
1484780881398	DeferredSave.addons.json	DEBUG	Write succeeded

	at org.openqa.selenium.firefox.internal.NewProfileExtensionConnection.start(NewProfileExtensionConnection.java:113)
	... 36 more
</stack-trace>
            </failure>
            <steps/>
            <attachments/>
            <labels>
                <label name="host" value="DESKTOP-UENLMAK"/>
                <label name="thread" value="3924@DESKTOP-UENLMAK.main(1)"/>
            </labels>
        </test-case>
        <test-case start="1484780926557" stop="1484780926557" status="canceled">
            <name>simpleAdvertTest</name>
            <failure>
                <message>: Skipped due to dependency on other skipped or failed test methods</message>
                <stack-trace>ru.yandex.qatools.allure.testng.AllureTestListener$1: Skipped due to dependency on other skipped or failed test methods
	at ru.yandex.qatools.allure.testng.AllureTestListener.fireTestCaseCancel(AllureTestListener.java:356)
	at ru.yandex.qatools.allure.testng.AllureTestListener.onTestSkipped(AllureTestListener.java:171)
	at org.testng.internal.Invoker.runTestListeners(Invoker.java:1887)
	at org.testng.internal.Invoker.runTestListeners(Invoker.java:1879)
	at org.testng.internal.Invoker.invokeMethod(Invoker.java:778)
	at org.testng.internal.Invoker.invokeTestMethod(Invoker.java:901)
	at org.testng.internal.Invoker.invokeTestMethods(Invoker.java:1231)
	at org.testng.internal.TestMethodWorker.invokeTestMethods(TestMethodWorker.java:127)
	at org.testng.internal.TestMethodWorker.run(TestMethodWorker.java:111)
	at org.testng.TestRunner.privateRun(TestRunner.java:767)
	at org.testng.TestRunner.run(TestRunner.java:617)
	at org.testng.SuiteRunner.runTest(SuiteRunner.java:348)
	at org.testng.SuiteRunner.runSequentially(SuiteRunner.java:343)
	at org.testng.SuiteRunner.privateRun(SuiteRunner.java:305)
	at org.testng.SuiteRunner.run(SuiteRunner.java:254)
	at org.testng.SuiteRunnerWorker.runSuite(SuiteRunnerWorker.java:52)
	at org.testng.SuiteRunnerWorker.run(SuiteRunnerWorker.java:86)
	at org.testng.TestNG.runSuitesSequentially(TestNG.java:1224)
	at org.testng.TestNG.runSuitesLocally(TestNG.java:1149)
	at org.testng.TestNG.run(TestNG.java:1057)
	at org.testng.IDEARemoteTestNG.run(IDEARemoteTestNG.java:72)
	at org.testng.RemoteTestNGStarter.main(RemoteTestNGStarter.java:127)
	at sun.reflect.NativeMethodAccessorImpl.invoke0(Native Method)
	at sun.reflect.NativeMethodAccessorImpl.invoke(NativeMethodAccessorImpl.java:62)
	at sun.reflect.DelegatingMethodAccessorImpl.invoke(DelegatingMethodAccessorImpl.java:43)
	at java.lang.reflect.Method.invoke(Method.java:498)
	at com.intellij.rt.execution.application.AppMain.main(AppMain.java:147)
</stack-trace>
            </failure>
            <steps/>
            <attachments/>
            <labels>
                <label name="host" value="DESKTOP-UENLMAK"/>
                <label name="thread" value="3924@DESKTOP-UENLMAK.main(1)"/>
            </labels>
        </test-case>
        <test-case start="1484780926557" stop="1484780926557" status="canceled">
            <name>cleanup</name>
            <description>@AfterClass</description>
            <failure>
                <message>: Skipped due to dependency on other skipped or failed test methods</message>
                <stack-trace>ru.yandex.qatools.allure.testng.AllureTestListener$1: Skipped due to dependency on other skipped or failed test methods
	at ru.yandex.qatools.allure.testng.AllureTestListener.fireTestCaseCancel(AllureTestListener.java:356)
	at ru.yandex.qatools.allure.testng.AllureTestListener.onConfigurationSkip(AllureTestListener.java:116)
	at org.testng.internal.Invoker.runConfigurationListeners(Invoker.java:1865)
	at org.testng.internal.Invoker.handleConfigurationSkip(Invoker.java:261)
	at org.testng.internal.Invoker.invokeConfigurations(Invoker.java:193)
	at org.testng.internal.Invoker.invokeConfigurations(Invoker.java:138)
	at org.testng.internal.TestMethodWorker.invokeAfterClassMethods(TestMethodWorker.java:225)
	at org.testng.internal.TestMethodWorker.run(TestMethodWorker.java:114)
	at org.testng.TestRunner.privateRun(TestRunner.java:767)
	at org.testng.TestRunner.run(TestRunner.java:617)
	at org.testng.SuiteRunner.runTest(SuiteRunner.java:348)
	at org.testng.SuiteRunner.runSequentially(SuiteRunner.java:343)
	at org.testng.SuiteRunner.privateRun(SuiteRunner.java:305)
	at org.testng.SuiteRunner.run(SuiteRunner.java:254)
	at org.testng.SuiteRunnerWorker.runSuite(SuiteRunnerWorker.java:52)
	at org.testng.SuiteRunnerWorker.run(SuiteRunnerWorker.java:86)
	at org.testng.TestNG.runSuitesSequentially(TestNG.java:1224)
	at org.testng.TestNG.runSuitesLocally(TestNG.java:1149)
	at org.testng.TestNG.run(TestNG.java:1057)
	at org.testng.IDEARemoteTestNG.run(IDEARemoteTestNG.java:72)
	at org.testng.RemoteTestNGStarter.main(RemoteTestNGStarter.java:127)
	at sun.reflect.NativeMethodAccessorImpl.invoke0(Native Method)
	at sun.reflect.NativeMethodAccessorImpl.invoke(NativeMethodAccessorImpl.java:62)
	at sun.reflect.DelegatingMethodAccessorImpl.invoke(DelegatingMethodAccessorImpl.java:43)
	at java.lang.reflect.Method.invoke(Method.java:498)
	at com.intellij.rt.execution.application.AppMain.main(AppMain.java:147)
</stack-trace>
            </failure>
            <steps/>
            <attachments/>
            <labels>
                <label name="host" value="DESKTOP-UENLMAK"/>
                <label name="thread" value="3924@DESKTOP-UENLMAK.main(1)"/>
            </labels>
        </test-case>
    </test-cases>
    <labels>
        <label name="framework" value="TestNG"/>
        <label name="language" value="JAVA"/>
    </labels>
</ns2:test-suite>
